<?xml version="1.0" encoding="UTF-8"?>
<testng-results ignored="0" total="11" passed="11" failed="0" skipped="0">
  <reporter-output>
  </reporter-output>
  <suite started-at="2022-12-28T15:14:25Z" name="Suite" finished-at="2022-12-28T15:14:25Z" duration-ms="71">
    <groups>
      <group name="ABC">
        <method signature="groupsConcept2.method1()[pri:0, instance:MavenProj.MavenProject.groupsConcept2@16b2bb0c]" name="method1" class="MavenProj.MavenProject.groupsConcept2"/>
      </group> <!-- ABC -->
      <group name="Sanity">
        <method signature="groupsConcept2.method2()[pri:0, instance:MavenProj.MavenProject.groupsConcept2@16b2bb0c]" name="method2" class="MavenProj.MavenProject.groupsConcept2"/>
        <method signature="groupsConcept2.method5()[pri:0, instance:MavenProj.MavenProject.groupsConcept2@16b2bb0c]" name="method5" class="MavenProj.MavenProject.groupsConcept2"/>
      </group> <!-- Sanity -->
      <group name="Regression">
        <method signature="groupsConcept2.method10()[pri:0, instance:MavenProj.MavenProject.groupsConcept2@16b2bb0c]" name="method10" class="MavenProj.MavenProject.groupsConcept2"/>
        <method signature="groupsConcept2.method11()[pri:0, instance:MavenProj.MavenProject.groupsConcept2@16b2bb0c]" name="method11" class="MavenProj.MavenProject.groupsConcept2"/>
        <method signature="groupsConcept2.method4()[pri:0, instance:MavenProj.MavenProject.groupsConcept2@16b2bb0c]" name="method4" class="MavenProj.MavenProject.groupsConcept2"/>
        <method signature="groupsConcept2.method7()[pri:0, instance:MavenProj.MavenProject.groupsConcept2@16b2bb0c]" name="method7" class="MavenProj.MavenProject.groupsConcept2"/>
        <method signature="groupsConcept2.method8()[pri:0, instance:MavenProj.MavenProject.groupsConcept2@16b2bb0c]" name="method8" class="MavenProj.MavenProject.groupsConcept2"/>
      </group> <!-- Regression -->
      <group name="Smoke">
        <method signature="groupsConcept2.method3()[pri:0, instance:MavenProj.MavenProject.groupsConcept2@16b2bb0c]" name="method3" class="MavenProj.MavenProject.groupsConcept2"/>
        <method signature="groupsConcept2.method6()[pri:0, instance:MavenProj.MavenProject.groupsConcept2@16b2bb0c]" name="method6" class="MavenProj.MavenProject.groupsConcept2"/>
        <method signature="groupsConcept2.method9()[pri:0, instance:MavenProj.MavenProject.groupsConcept2@16b2bb0c]" name="method9" class="MavenProj.MavenProject.groupsConcept2"/>
      </group> <!-- Smoke -->
    </groups>
    <test started-at="2022-12-28T15:14:25Z" name="Test" finished-at="2022-12-28T15:14:25Z" duration-ms="71">
      <class name="MavenProj.MavenProject.groupsConcept2">
        <test-method signature="method1()[pri:0, instance:MavenProj.MavenProject.groupsConcept2@16b2bb0c]" started-at="2022-12-28T15:14:25Z" name="method1" finished-at="2022-12-28T15:14:25Z" duration-ms="13" status="PASS">
          <reporter-output>
          </reporter-output>
        </test-method> <!-- method1 -->
        <test-method signature="method10()[pri:0, instance:MavenProj.MavenProject.groupsConcept2@16b2bb0c]" started-at="2022-12-28T15:14:25Z" name="method10" finished-at="2022-12-28T15:14:25Z" duration-ms="1" status="PASS">
          <reporter-output>
          </reporter-output>
        </test-method> <!-- method10 -->
        <test-method signature="method11()[pri:0, instance:MavenProj.MavenProject.groupsConcept2@16b2bb0c]" started-at="2022-12-28T15:14:25Z" name="method11" finished-at="2022-12-28T15:14:25Z" duration-ms="2" status="PASS">
          <reporter-output>
          </reporter-output>
        </test-method> <!-- method11 -->
        <test-method signature="method2()[pri:0, instance:MavenProj.MavenProject.groupsConcept2@16b2bb0c]" started-at="2022-12-28T15:14:25Z" name="method2" finished-at="2022-12-28T15:14:25Z" duration-ms="1" status="PASS">
          <reporter-output>
          </reporter-output>
        </test-method> <!-- method2 -->
        <test-method signature="method3()[pri:0, instance:MavenProj.MavenProject.groupsConcept2@16b2bb0c]" started-at="2022-12-28T15:14:25Z" name="method3" finished-at="2022-12-28T15:14:25Z" duration-ms="1" status="PASS">
          <reporter-output>
          </reporter-output>
        </test-method> <!-- method3 -->
        <test-method signature="method4()[pri:0, instance:MavenProj.MavenProject.groupsConcept2@16b2bb0c]" started-at="2022-12-28T15:14:25Z" name="method4" finished-at="2022-12-28T15:14:25Z" duration-ms="2" status="PASS">
          <reporter-output>
          </reporter-output>
        </test-method> <!-- method4 -->
        <test-method signature="method5()[pri:0, instance:MavenProj.MavenProject.groupsConcept2@16b2bb0c]" started-at="2022-12-28T15:14:25Z" name="method5" finished-at="2022-12-28T15:14:25Z" duration-ms="3" status="PASS">
          <reporter-output>
          </reporter-output>
        </test-method> <!-- method5 -->
        <test-method signature="method6()[pri:0, instance:MavenProj.MavenProject.groupsConcept2@16b2bb0c]" started-at="2022-12-28T15:14:25Z" name="method6" finished-at="2022-12-28T15:14:25Z" duration-ms="1" status="PASS">
          <reporter-output>
          </reporter-output>
        </test-method> <!-- method6 -->
        <test-method signature="method7()[pri:0, instance:MavenProj.MavenProject.groupsConcept2@16b2bb0c]" started-at="2022-12-28T15:14:25Z" name="method7" finished-at="2022-12-28T15:14:25Z" duration-ms="3" status="PASS">
          <reporter-output>
          </reporter-output>
        </test-method> <!-- method7 -->
        <test-method signature="method8()[pri:0, instance:MavenProj.MavenProject.groupsConcept2@16b2bb0c]" started-at="2022-12-28T15:14:25Z" name="method8" finished-at="2022-12-28T15:14:25Z" duration-ms="1" status="PASS">
          <reporter-output>
          </reporter-output>
        </test-method> <!-- method8 -->
        <test-method signature="method9()[pri:0, instance:MavenProj.MavenProject.groupsConcept2@16b2bb0c]" started-at="2022-12-28T15:14:25Z" name="method9" finished-at="2022-12-28T15:14:25Z" duration-ms="0" status="PASS">
          <reporter-output>
          </reporter-output>
        </test-method> <!-- method9 -->
      </class> <!-- MavenProj.MavenProject.groupsConcept2 -->
    </test> <!-- Test -->
  </suite> <!-- Suite -->
</testng-results>
